[debug] [2020-11-18T15:45:29.252Z] ----------------------------------------------------------------------
[debug] [2020-11-18T15:45:29.254Z] Command:       C:\Program Files\nodejs\node.exe C:\Users\wahab\AppData\Roaming\npm\node_modules\firebase-tools\lib\bin\firebase.js deploy -P e-com
[debug] [2020-11-18T15:45:29.255Z] CLI Version:   8.16.2
[debug] [2020-11-18T15:45:29.255Z] Platform:      win32
[debug] [2020-11-18T15:45:29.255Z] Node Version:  v12.16.3
[debug] [2020-11-18T15:45:29.256Z] Time:          Wed Nov 18 2020 16:45:29 GMT+0100 (GMT+01:00)
[debug] [2020-11-18T15:45:29.256Z] ----------------------------------------------------------------------
[debug] [2020-11-18T15:45:29.257Z] 
[debug] [2020-11-18T15:45:29.267Z] > command requires scopes: ["email","openid","https://www.googleapis.com/auth/cloudplatformprojects.readonly","https://www.googleapis.com/auth/firebase","https://www.googleapis.com/auth/cloud-platform"]
[debug] [2020-11-18T15:45:29.267Z] > authorizing via signed-in user
[debug] [2020-11-18T15:45:29.268Z] [iam] checking project market-54f42 for permissions ["cloudfunctions.functions.create","cloudfunctions.functions.delete","cloudfunctions.functions.get","cloudfunctions.functions.list","cloudfunctions.functions.update","cloudfunctions.operations.get","firebase.projects.get"]
[debug] [2020-11-18T15:45:29.274Z] >>> HTTP REQUEST POST https://cloudresourcemanager.googleapis.com/v1/projects/market-54f42:testIamPermissions  
 {"permissions":["cloudfunctions.functions.create","cloudfunctions.functions.delete","cloudfunctions.functions.get","cloudfunctions.functions.list","cloudfunctions.functions.update","cloudfunctions.operations.get","firebase.projects.get"]}
[debug] [2020-11-18T15:45:30.204Z] <<< HTTP RESPONSE 200 {"content-type":"application/json; charset=UTF-8","vary":"X-Origin, Referer, Origin,Accept-Encoding","date":"Wed, 18 Nov 2020 15:45:30 GMT","server":"ESF","cache-control":"private","x-xss-protection":"0","x-frame-options":"SAMEORIGIN","x-content-type-options":"nosniff","server-timing":"gfet4t7; dur=630","alt-svc":"h3-29=\":443\"; ma=2592000,h3-T051=\":443\"; ma=2592000,h3-Q050=\":443\"; ma=2592000,h3-Q046=\":443\"; ma=2592000,h3-Q043=\":443\"; ma=2592000,quic=\":443\"; ma=2592000; v=\"46,43\"","accept-ranges":"none","transfer-encoding":"chunked"}
[debug] [2020-11-18T15:45:30.207Z] >>> HTTP REQUEST POST https://iam.googleapis.com/v1/projects/market-54f42/serviceAccounts/market-54f42@appspot.gserviceaccount.com:testIamPermissions  
 {"permissions":["iam.serviceAccounts.actAs"]}
[debug] [2020-11-18T15:45:31.067Z] <<< HTTP RESPONSE 200 {"content-type":"application/json; charset=UTF-8","vary":"X-Origin, Referer, Origin,Accept-Encoding","date":"Wed, 18 Nov 2020 15:45:31 GMT","server":"ESF","cache-control":"private","x-xss-protection":"0","x-frame-options":"SAMEORIGIN","x-content-type-options":"nosniff","alt-svc":"h3-Q050=\":443\"; ma=2592000,h3-29=\":443\"; ma=2592000,h3-T051=\":443\"; ma=2592000,h3-Q046=\":443\"; ma=2592000,h3-Q043=\":443\"; ma=2592000,quic=\":443\"; ma=2592000; v=\"46,43\"","accept-ranges":"none","transfer-encoding":"chunked"}
[debug] [2020-11-18T15:45:31.079Z] TypeError [ERR_INVALID_ARG_TYPE]: The "path" argument must be of type string. Received undefined
    at validateString (internal/validators.js:117:11)
    at Object.join (path.js:375:7)
    at Object.checkFunctionsSDKVersion [as fn] (C:\Users\wahab\AppData\Roaming\npm\node_modules\firebase-tools\lib\checkFirebaseSDKVersion.js:34:28)
    at Command.<anonymous> (C:\Users\wahab\AppData\Roaming\npm\node_modules\firebase-tools\lib\command.js:169:30)
    at Generator.next (<anonymous>)
    at fulfilled (C:\Users\wahab\AppData\Roaming\npm\node_modules\firebase-tools\lib\command.js:5:58)
    at processTicksAndRejections (internal/process/task_queues.js:97:5)
[error] 
[error] Error: An unexpected error has occurred.
[debug] [2020-11-18T15:46:47.477Z] ----------------------------------------------------------------------
[debug] [2020-11-18T15:46:47.479Z] Command:       C:\Program Files\nodejs\node.exe C:\Users\wahab\AppData\Roaming\npm\node_modules\firebase-tools\lib\bin\firebase.js init
[debug] [2020-11-18T15:46:47.480Z] CLI Version:   8.16.2
[debug] [2020-11-18T15:46:47.480Z] Platform:      win32
[debug] [2020-11-18T15:46:47.480Z] Node Version:  v12.16.3
[debug] [2020-11-18T15:46:47.481Z] Time:          Wed Nov 18 2020 16:46:47 GMT+0100 (GMT+01:00)
[debug] [2020-11-18T15:46:47.482Z] ----------------------------------------------------------------------
[debug] [2020-11-18T15:46:47.482Z] 
[debug] [2020-11-18T15:46:47.491Z] > command requires scopes: ["email","openid","https://www.googleapis.com/auth/cloudplatformprojects.readonly","https://www.googleapis.com/auth/firebase","https://www.googleapis.com/auth/cloud-platform"]
[debug] [2020-11-18T15:46:47.492Z] > authorizing via signed-in user
[info] 
     ######## #### ########  ######## ########     ###     ######  ########
     ##        ##  ##     ## ##       ##     ##  ##   ##  ##       ##
     ######    ##  ########  ######   ########  #########  ######  ######
     ##        ##  ##    ##  ##       ##     ## ##     ##       ## ##
     ##       #### ##     ## ######## ########  ##     ##  ######  ########

You're about to initialize a Firebase project in this directory:

  C:\Users\wahab

Before we get started, keep in mind:

  * You are initializing in an existing Firebase project directory

[info] 
=== Project Setup
[info] 
[info] First, let's associate this project directory with a Firebase project.
[info] You can create multiple project aliases by running firebase use --add, 
[info] but for now we'll just set up a default project.
[info] 
[info] i  .firebaserc already has a default project, using demouploder. 
[debug] [2020-11-18T15:46:58.326Z] >>> HTTP REQUEST GET https://firebase.googleapis.com/v1beta1/projects/demouploder  
 
[debug] [2020-11-18T15:46:58.807Z] <<< HTTP RESPONSE 403 {"vary":"X-Origin, Referer, Origin,Accept-Encoding","content-type":"application/json; charset=UTF-8","date":"Wed, 18 Nov 2020 15:46:58 GMT","server":"ESF","cache-control":"private","x-xss-protection":"0","x-frame-options":"SAMEORIGIN","x-content-type-options":"nosniff","alt-svc":"h3-Q050=\":443\"; ma=2592000,h3-29=\":443\"; ma=2592000,h3-T051=\":443\"; ma=2592000,h3-Q046=\":443\"; ma=2592000,h3-Q043=\":443\"; ma=2592000,quic=\":443\"; ma=2592000; v=\"46,43\"","accept-ranges":"none","transfer-encoding":"chunked"}
[debug] [2020-11-18T15:46:58.807Z] <<< HTTP RESPONSE BODY {"error":{"code":403,"message":"The caller does not have permission","status":"PERMISSION_DENIED"}}
[debug] [2020-11-18T15:46:58.809Z] HTTP Error: 403, The caller does not have permission
[debug] [2020-11-18T15:46:58.811Z] FirebaseError: HTTP Error: 403, The caller does not have permission
    at module.exports (C:\Users\wahab\AppData\Roaming\npm\node_modules\firebase-tools\lib\responseToError.js:38:12)
    at Request._callback (C:\Users\wahab\AppData\Roaming\npm\node_modules\firebase-tools\lib\api.js:41:35)
    at Request.self.callback (C:\Users\wahab\AppData\Roaming\npm\node_modules\firebase-tools\node_modules\request\request.js:185:22)
    at Request.emit (events.js:310:20)
    at Request.EventEmitter.emit (domain.js:482:12)
    at Request.<anonymous> (C:\Users\wahab\AppData\Roaming\npm\node_modules\firebase-tools\node_modules\request\request.js:1154:10)
    at Request.emit (events.js:310:20)
    at Request.EventEmitter.emit (domain.js:482:12)
    at IncomingMessage.<anonymous> (C:\Users\wahab\AppData\Roaming\npm\node_modules\firebase-tools\node_modules\request\request.js:1076:12)
    at Object.onceWrapper (events.js:416:28)
    at IncomingMessage.emit (events.js:322:22)
    at IncomingMessage.EventEmitter.emit (domain.js:482:12)
    at endReadableNT (_stream_readable.js:1187:12)
    at processTicksAndRejections (internal/process/task_queues.js:84:21)
[error] 
[error] Error: Failed to get Firebase project demouploder. Please make sure the project exists and your account has permission to access it.
